# JRE version: OpenJDK Runtime Environment (8.0_152-b01) (build 1.8.0_152-release-915-b01)
# Java VM: OpenJDK 64-Bit Server VM (25.152-b01 mixed mode linux-amd64 compressed oops)
Heap:
 PSYoungGen      total 230912K, used 47608K [0x00000000e0000000, 0x00000000f5180000, 0x0000000100000000)
  eden space 183296K, 0% used [0x00000000e0000000,0x00000000e0000000,0x00000000eb300000)
  from space 47616K, 99% used [0x00000000eb300000,0x00000000ee17e0a0,0x00000000ee180000)
  to   space 61952K, 0% used [0x00000000f1500000,0x00000000f1500000,0x00000000f5180000)
 ParOldGen       total 161280K, used 142023K [0x00000000a0000000, 0x00000000a9d80000, 0x00000000e0000000)
  object space 161280K, 88% used [0x00000000a0000000,0x00000000a8ab1d20,0x00000000a9d80000)
 Metaspace       used 75137K, capacity 78162K, committed 78424K, reserved 1118208K
  class space    used 9602K, capacity 10271K, committed 10368K, reserved 1048576K
GC Heap History (10 events):
Event: 32.321 GC heap after
Heap after GC invocations=22 (full 3):
 PSYoungGen      total 160256K, used 31035K [0x00000000e0000000, 0x00000000ee500000, 0x0000000100000000)
  eden space 129024K, 0% used [0x00000000e0000000,0x00000000e0000000,0x00000000e7e00000)
  from space 31232K, 99% used [0x00000000e7e00000,0x00000000e9c4ef50,0x00000000e9c80000)
  to   space 36352K, 0% used [0x00000000ec180000,0x00000000ec180000,0x00000000ee500000)
 ParOldGen       total 161280K, used 120119K [0x00000000a0000000, 0x00000000a9d80000, 0x00000000e0000000)
  object space 161280K, 74% used [0x00000000a0000000,0x00000000a754dfe8,0x00000000a9d80000)
 Metaspace       used 67719K, capacity 69808K, committed 70104K, reserved 1110016K
  class space    used 8873K, capacity 9390K, committed 9472K, reserved 1048576K
}
Event: 35.262 GC heap before
{Heap before GC invocations=23 (full 3):
 PSYoungGen      total 160256K, used 160059K [0x00000000e0000000, 0x00000000ee500000, 0x0000000100000000)
  eden space 129024K, 100% used [0x00000000e0000000,0x00000000e7e00000,0x00000000e7e00000)
  from space 31232K, 99% used [0x00000000e7e00000,0x00000000e9c4ef50,0x00000000e9c80000)
  to   space 36352K, 0% used [0x00000000ec180000,0x00000000ec180000,0x00000000ee500000)
 ParOldGen       total 161280K, used 120119K [0x00000000a0000000, 0x00000000a9d80000, 0x00000000e0000000)
  object space 161280K, 74% used [0x00000000a0000000,0x00000000a754dfe8,0x00000000a9d80000)
 Metaspace       used 71215K, capacity 73594K, committed 73688K, reserved 1114112K
  class space    used 9356K, capacity 9913K, committed 9984K, reserved 1048576K
Event: 35.275 GC heap after
Heap after GC invocations=23 (full 3):
 PSYoungGen      total 194048K, used 23969K [0x00000000e0000000, 0x00000000ee400000, 0x0000000100000000)
  eden space 158720K, 0% used [0x00000000e0000000,0x00000000e0000000,0x00000000e9b00000)
  from space 35328K, 67% used [0x00000000ec180000,0x00000000ed8e86f8,0x00000000ee400000)
  to   space 37376K, 0% used [0x00000000e9b00000,0x00000000e9b00000,0x00000000ebf80000)
 ParOldGen       total 161280K, used 120384K [0x00000000a0000000, 0x00000000a9d80000, 0x00000000e0000000)
  object space 161280K, 74% used [0x00000000a0000000,0x00000000a7590000,0x00000000a9d80000)
 Metaspace       used 71215K, capacity 73594K, committed 73688K, reserved 1114112K
  class space    used 9356K, capacity 9913K, committed 9984K, reserved 1048576K
}
Event: 905.823 GC heap before
{Heap before GC invocations=24 (full 3):
 PSYoungGen      total 194048K, used 182689K [0x00000000e0000000, 0x00000000ee400000, 0x0000000100000000)
  eden space 158720K, 100% used [0x00000000e0000000,0x00000000e9b00000,0x00000000e9b00000)
  from space 35328K, 67% used [0x00000000ec180000,0x00000000ed8e86f8,0x00000000ee400000)
  to   space 37376K, 0% used [0x00000000e9b00000,0x00000000e9b00000,0x00000000ebf80000)
 ParOldGen       total 161280K, used 120384K [0x00000000a0000000, 0x00000000a9d80000, 0x00000000e0000000)
  object space 161280K, 74% used [0x00000000a0000000,0x00000000a7590000,0x00000000a9d80000)
 Metaspace       used 74197K, capacity 77020K, committed 77400K, reserved 1116160K
  class space    used 9581K, capacity 10242K, committed 10368K, reserved 1048576K
Event: 905.839 GC heap after
Heap after GC invocations=24 (full 3):
 PSYoungGen      total 196096K, used 30160K [0x00000000e0000000, 0x00000000f0900000, 0x0000000100000000)
  eden space 158720K, 0% used [0x00000000e0000000,0x00000000e0000000,0x00000000e9b00000)
  from space 37376K, 80% used [0x00000000e9b00000,0x00000000eb8743c0,0x00000000ebf80000)
  to   space 40448K, 0% used [0x00000000ee180000,0x00000000ee180000,0x00000000f0900000)
 ParOldGen       total 161280K, used 120648K [0x00000000a0000000, 0x00000000a9d80000, 0x00000000e0000000)
  object space 161280K, 74% used [0x00000000a0000000,0x00000000a75d2018,0x00000000a9d80000)
 Metaspace       used 74197K, capacity 77020K, committed 77400K, reserved 1116160K
  class space    used 9581K, capacity 10242K, committed 10368K, reserved 1048576K
}
Event: 907.284 GC heap before
{Heap before GC invocations=25 (full 3):
 PSYoungGen      total 196096K, used 188880K [0x00000000e0000000, 0x00000000f0900000, 0x0000000100000000)
  eden space 158720K, 100% used [0x00000000e0000000,0x00000000e9b00000,0x00000000e9b00000)
  from space 37376K, 80% used [0x00000000e9b00000,0x00000000eb8743c0,0x00000000ebf80000)
  to   space 40448K, 0% used [0x00000000ee180000,0x00000000ee180000,0x00000000f0900000)
 ParOldGen       total 161280K, used 120648K [0x00000000a0000000, 0x00000000a9d80000, 0x00000000e0000000)
  object space 161280K, 74% used [0x00000000a0000000,0x00000000a75d2018,0x00000000a9d80000)
 Metaspace       used 74445K, capacity 77450K, committed 77656K, reserved 1116160K
  class space    used 9591K, capacity 10259K, committed 10368K, reserved 1048576K
Event: 907.311 GC heap after
Heap after GC invocations=25 (full 3):
 PSYoungGen      total 223744K, used 40446K [0x00000000e0000000, 0x00000000f1780000, 0x0000000100000000)
  eden space 183296K, 0% used [0x00000000e0000000,0x00000000e0000000,0x00000000eb300000)
  from space 40448K, 99% used [0x00000000ee180000,0x00000000f08ff830,0x00000000f0900000)
  to   space 47616K, 0% used [0x00000000eb300000,0x00000000eb300000,0x00000000ee180000)
 ParOldGen       total 161280K, used 123032K [0x00000000a0000000, 0x00000000a9d80000, 0x00000000e0000000)
  object space 161280K, 76% used [0x00000000a0000000,0x00000000a78262d8,0x00000000a9d80000)
 Metaspace       used 74445K, capacity 77450K, committed 77656K, reserved 1116160K
  class space    used 9591K, capacity 10259K, committed 10368K, reserved 1048576K
}
Event: 908.716 GC heap before
{Heap before GC invocations=26 (full 3):
 PSYoungGen      total 223744K, used 223742K [0x00000000e0000000, 0x00000000f1780000, 0x0000000100000000)
  eden space 183296K, 100% used [0x00000000e0000000,0x00000000eb300000,0x00000000eb300000)
  from space 40448K, 99% used [0x00000000ee180000,0x00000000f08ff830,0x00000000f0900000)
  to   space 47616K, 0% used [0x00000000eb300000,0x00000000eb300000,0x00000000ee180000)
 ParOldGen       total 161280K, used 123032K [0x00000000a0000000, 0x00000000a9d80000, 0x00000000e0000000)
  object space 161280K, 76% used [0x00000000a0000000,0x00000000a78262d8,0x00000000a9d80000)
 Metaspace       used 75137K, capacity 78162K, committed 78424K, reserved 1118208K
  class space    used 9602K, capacity 10271K, committed 10368K, reserved 1048576K
Event: 908.749 GC heap after
Heap after GC invocations=26 (full 3):
 PSYoungGen      total 230912K, used 47608K [0x00000000e0000000, 0x00000000f5180000, 0x0000000100000000)
  eden space 183296K, 0% used [0x00000000e0000000,0x00000000e0000000,0x00000000eb300000)
  from space 47616K, 99% used [0x00000000eb300000,0x00000000ee17e0a0,0x00000000ee180000)
  to   space 61952K, 0% used [0x00000000f1500000,0x00000000f1500000,0x00000000f5180000)
 ParOldGen       total 161280K, used 142023K [0x00000000a0000000, 0x00000000a9d80000, 0x00000000e0000000)
  object space 161280K, 88% used [0x00000000a0000000,0x00000000a8ab1d20,0x00000000a9d80000)
 Metaspace       used 75137K, capacity 78162K, committed 78424K, reserved 1118208K
  class space    used 9602K, capacity 10271K, committed 10368K, reserved 1048576K
}
Event: 908.749 GC heap before
{Heap before GC invocations=27 (full 4):
 PSYoungGen      total 230912K, used 47608K [0x00000000e0000000, 0x00000000f5180000, 0x0000000100000000)
  eden space 183296K, 0% used [0x00000000e0000000,0x00000000e0000000,0x00000000eb300000)
  from space 47616K, 99% used [0x00000000eb300000,0x00000000ee17e0a0,0x00000000ee180000)
  to   space 61952K, 0% used [0x00000000f1500000,0x00000000f1500000,0x00000000f5180000)
 ParOldGen       total 161280K, used 142023K [0x00000000a0000000, 0x00000000a9d80000, 0x00000000e0000000)
  object space 161280K, 88% used [0x00000000a0000000,0x00000000a8ab1d20,0x00000000a9d80000)
 Metaspace       used 75137K, capacity 78162K, committed 78424K, reserved 1118208K
  class space    used 9602K, capacity 10271K, committed 10368K, reserved 1048576K

